c:\users\ali\desktop\new folder\realtimeimage_cproj\realtimeimage\realtimeimage\x64\release\vc143.pdb
c:\users\ali\desktop\new folder\realtimeimage_cproj\realtimeimage\realtimeimage\x64\release\algorithmmodule.obj
c:\users\ali\desktop\new folder\realtimeimage_cproj\realtimeimage\realtimeimage\x64\release\vmmodule_io.obj
c:\users\ali\desktop\new folder\realtimeimage_cproj\realtimeimage\realtimeimage\x64\release\vmalgmoducommon.obj
c:\users\ali\desktop\new folder\realtimeimage_cproj\realtimeimage\realtimeimage\x64\release\vmalgmodubase.obj
c:\users\ali\desktop\new folder\realtimeimage_cproj\realtimeimage\realtimeimage\x64\release\tinyxml2.obj
c:\users\ali\desktop\new folder\realtimeimage_cproj\realtimeimage\realtimeimage\x64\release\dllmain.obj
c:\users\ali\desktop\new folder\realtimeimage_cproj\realtimeimage\x64\release\realtimeimage.dll
c:\users\ali\desktop\new folder\realtimeimage_cproj\realtimeimage\realtimeimage\x64\release\realtimeimage.ipdb
c:\users\ali\desktop\new folder\realtimeimage_cproj\realtimeimage\x64\release\realtimeimage.pdb
c:\users\ali\desktop\new folder\realtimeimage_cproj\realtimeimage\realtimeimage\x64\release\realtimeimage.iobj
c:\users\ali\desktop\new folder\realtimeimage_cproj\realtimeimage\x64\release\realtimeimage.lib
c:\users\ali\desktop\new folder\realtimeimage_cproj\realtimeimage\x64\release\realtimeimage.exp
c:\users\ali\desktop\new folder\realtimeimage_cproj\realtimeimage\realtimeimage\x64\release\realtimeimage.tlog\cl.command.1.tlog
c:\users\ali\desktop\new folder\realtimeimage_cproj\realtimeimage\realtimeimage\x64\release\realtimeimage.tlog\cl.read.1.tlog
c:\users\ali\desktop\new folder\realtimeimage_cproj\realtimeimage\realtimeimage\x64\release\realtimeimage.tlog\cl.write.1.tlog
c:\users\ali\desktop\new folder\realtimeimage_cproj\realtimeimage\realtimeimage\x64\release\realtimeimage.tlog\link.command.1.tlog
c:\users\ali\desktop\new folder\realtimeimage_cproj\realtimeimage\realtimeimage\x64\release\realtimeimage.tlog\link.read.1.tlog
c:\users\ali\desktop\new folder\realtimeimage_cproj\realtimeimage\realtimeimage\x64\release\realtimeimage.tlog\link.write.1.tlog
c:\users\ali\desktop\new folder\realtimeimage_cproj\realtimeimage\realtimeimage\x64\release\realtimeimage.tlog\realtimeimage.write.1u.tlog
